## Install Virtaul Box

https://www.virtualbox.org/wiki/Downloads

## Install Vagrant

https://www.vagrantup.com/downloads.html

`$` follows the command type in command-line.

$ vagrant box add https://s3-ap-southeast-1.amazonaws.com/jollygood-courses/vagrant-boxes/jollygood.box-trusty64 --name jollygoodcode/box-trusty64

==> box: Box file was not detected as metadata. Adding it directly...
==> box: Adding box 'jollygoodcode/box-trusty64' (v0) for provider:
    box: Downloading: https://s3-ap-southeast-1.amazonaws.com/jollygood-courses/vagrant-boxes/jollygood.box-trusty64
==> box: Successfully added box 'jollygoodcode/box-trusty64' (v0) for 'virtualbox'!


$ vagrant init jollygoodcode/box-trusty64

A `Vagrantfile` has been placed in this directory. You are now
ready to `vagrant up` your first virtual environment! Please read
the comments in the Vagrantfile as well as documentation on
`vagrantup.com` for more information on using Vagrant.


$ vagrant up

Bringing machine 'default' up with 'virtualbox' provider...
==> default: Importing base box 'jollygoodcode/box'...
==> default: Matching MAC address for NAT networking...
==> default: Setting the name of the VM: trybox_default_1447951262081_95247
==> default: Clearing any previously set network interfaces...
==> default: Preparing network interfaces based on configuration...
    default: Adapter 1: nat
==> default: Forwarding ports...
    default: 3000 => 3000 (adapter 1)
    default: 22 => 2222 (adapter 1)
==> default: Booting VM...
==> default: Waiting for machine to boot. This may take a few minutes...
    default: SSH address: 127.0.0.1:2222
    default: SSH username: vagrant
    default: SSH auth method: private key
==> default: Machine booted and ready!
==> default: Checking for guest additions in VM...
    default: The guest additions on this VM do not match the installed version of
    default: VirtualBox! In most cases this is fine, but in rare cases it can
    default: prevent things such as shared folders from working properly. If you see
    default: shared folder errors, please make sure the guest additions within the
    default: virtual machine match the version of VirtualBox you have installed on
    default: your host and reload your VM.
    default:
    default: Guest Additions Version: 4.2.0
    default: VirtualBox Version: 4.3
==> default: Mounting shared folders...
    default: /vagrant => /Users/Juan/null/trybox


$ vagrant ssh

Welcome to Ubuntu 14.04.3 LTS (GNU/Linux 3.13.0-68-generic x86_64)

 * Documentation:  https://help.ubuntu.com/

  System information as of Fri Nov 20 00:49:33 UTC 2015

  System load:  0.59              Processes:           89
  Usage of /:   4.5% of 39.34GB   Users logged in:     0
  Memory usage: 12%               IP address for eth0: 10.0.2.15
  Swap usage:   0%

  Graph this data and manage this system at:
    https://landscape.canonical.com/

  Get cloud support with Ubuntu Advantage Cloud Guest:
    http://www.ubuntu.com/business/services/cloud
